<?xml version="1.0" encoding="UTF-8"?>
<testng-results ignored="0" total="5" passed="5" failed="0" skipped="0">
  <reporter-output>
  </reporter-output>
  <suite started-at="2022-09-21T11:23:02 IST" name="Suite" finished-at="2022-09-21T11:23:39 IST" duration-ms="36702">
    <groups>
    </groups>
    <test started-at="2022-09-21T11:23:02 IST" name="Test" finished-at="2022-09-21T11:23:39 IST" duration-ms="36702">
      <class name="Framework_Designing.E2E_Framework2.NavigationBarTest">
        <test-method is-config="true" signature="initialize()[pri:0, instance:Framework_Designing.E2E_Framework2.NavigationBarTest@36328d33]" started-at="2022-09-21T11:23:14 IST" name="initialize" finished-at="2022-09-21T11:23:22 IST" duration-ms="7764" status="PASS">
          <reporter-output>
          </reporter-output>
        </test-method> <!-- initialize -->
        <test-method signature="menuTest()[pri:0, instance:Framework_Designing.E2E_Framework2.NavigationBarTest@36328d33]" started-at="2022-09-21T11:23:22 IST" name="menuTest" finished-at="2022-09-21T11:23:22 IST" duration-ms="242" status="PASS">
          <reporter-output>
          </reporter-output>
        </test-method> <!-- menuTest -->
        <test-method is-config="true" signature="tearDown()[pri:0, instance:Framework_Designing.E2E_Framework2.NavigationBarTest@36328d33]" started-at="2022-09-21T11:23:39 IST" name="tearDown" finished-at="2022-09-21T11:23:39 IST" duration-ms="0" status="SKIP">
          <reporter-output>
          </reporter-output>
        </test-method> <!-- tearDown -->
      </class> <!-- Framework_Designing.E2E_Framework2.NavigationBarTest -->
      <class name="Framework_Designing.E2E_Framework2.LoginTest">
        <test-method is-config="true" signature="initialization()[pri:0, instance:Framework_Designing.E2E_Framework2.LoginTest@77102b91]" started-at="2022-09-21T11:23:12 IST" name="initialization" finished-at="2022-09-21T11:23:14 IST" duration-ms="2416" status="PASS">
          <reporter-output>
          </reporter-output>
        </test-method> <!-- initialization -->
        <test-method signature="loginTest(java.lang.String,java.lang.String)[pri:0, instance:Framework_Designing.E2E_Framework2.LoginTest@77102b91]" started-at="2022-09-21T11:23:24 IST" name="loginTest" data-provider="getData" finished-at="2022-09-21T11:23:29 IST" duration-ms="4747" status="PASS">
          <params>
            <param index="0">
              <value>
                <![CDATA[ourlife@gmail.com]]>
              </value>
            </param>
            <param index="1">
              <value>
                <![CDATA[happyinourlife]]>
              </value>
            </param>
          </params>
          <reporter-output>
          </reporter-output>
        </test-method> <!-- loginTest -->
        <test-method signature="loginTest(java.lang.String,java.lang.String)[pri:0, instance:Framework_Designing.E2E_Framework2.LoginTest@77102b91]" started-at="2022-09-21T11:23:29 IST" name="loginTest" data-provider="getData" finished-at="2022-09-21T11:23:33 IST" duration-ms="3744" status="PASS">
          <params>
            <param index="0">
              <value>
                <![CDATA[sanketpriya@gmail.com]]>
              </value>
            </param>
            <param index="1">
              <value>
                <![CDATA[DNDourlife]]>
              </value>
            </param>
          </params>
          <reporter-output>
          </reporter-output>
        </test-method> <!-- loginTest -->
        <test-method signature="loginTest(java.lang.String,java.lang.String)[pri:0, instance:Framework_Designing.E2E_Framework2.LoginTest@77102b91]" started-at="2022-09-21T11:23:33 IST" name="loginTest" data-provider="getData" finished-at="2022-09-21T11:23:37 IST" duration-ms="3656" status="PASS">
          <params>
            <param index="0">
              <value>
                <![CDATA[happyplace@ourworld.com]]>
              </value>
            </param>
            <param index="1">
              <value>
                <![CDATA[no_oneallowed_itsour_world]]>
              </value>
            </param>
          </params>
          <reporter-output>
          </reporter-output>
        </test-method> <!-- loginTest -->
        <test-method is-config="true" signature="teardown()[pri:0, instance:Framework_Designing.E2E_Framework2.LoginTest@77102b91]" started-at="2022-09-21T11:23:37 IST" name="teardown" finished-at="2022-09-21T11:23:39 IST" duration-ms="1492" status="FAIL">
          <exception class="org.openqa.selenium.NoSuchSessionException">
            <message>
              <![CDATA[invalid session id
Build info: version: '4.2.1', revision: 'ac4d0fdd4a'
System info: host: 'DESKTOP-QBPDHSL', ip: '192.168.1.206', os.name: 'Windows 10', os.arch: 'amd64', os.version: '10.0', java.version: '14.0.1'
Driver info: org.openqa.selenium.chrome.ChromeDriver
Command: [c63010449f38f5fa75a2acbb8e1acf47, close {}]
Capabilities {acceptInsecureCerts: false, browserName: chrome, browserVersion: 105.0.5195.127, chrome: {chromedriverVersion: 105.0.5195.52 (412c95e51883..., userDataDir: C:\Users\Shree\AppData\Loca...}, goog:chromeOptions: {debuggerAddress: localhost:56042}, networkConnectionEnabled: false, pageLoadStrategy: normal, platformName: WINDOWS, proxy: Proxy(), se:cdp: ws://localhost:56042/devtoo..., se:cdpVersion: 105.0.5195.127, setWindowRect: true, strictFileInteractability: false, timeouts: {implicit: 0, pageLoad: 300000, script: 30000}, unhandledPromptBehavior: dismiss and notify, webauthn:extension:credBlob: true, webauthn:extension:largeBlob: true, webauthn:virtualAuthenticators: true}
Session ID: c63010449f38f5fa75a2acbb8e1acf47]]>
            </message>
            <full-stacktrace>
              <![CDATA[org.openqa.selenium.NoSuchSessionException: invalid session id
Build info: version: '4.2.1', revision: 'ac4d0fdd4a'
System info: host: 'DESKTOP-QBPDHSL', ip: '192.168.1.206', os.name: 'Windows 10', os.arch: 'amd64', os.version: '10.0', java.version: '14.0.1'
Driver info: org.openqa.selenium.chrome.ChromeDriver
Command: [c63010449f38f5fa75a2acbb8e1acf47, close {}]
Capabilities {acceptInsecureCerts: false, browserName: chrome, browserVersion: 105.0.5195.127, chrome: {chromedriverVersion: 105.0.5195.52 (412c95e51883..., userDataDir: C:\Users\Shree\AppData\Loca...}, goog:chromeOptions: {debuggerAddress: localhost:56042}, networkConnectionEnabled: false, pageLoadStrategy: normal, platformName: WINDOWS, proxy: Proxy(), se:cdp: ws://localhost:56042/devtoo..., se:cdpVersion: 105.0.5195.127, setWindowRect: true, strictFileInteractability: false, timeouts: {implicit: 0, pageLoad: 300000, script: 30000}, unhandledPromptBehavior: dismiss and notify, webauthn:extension:credBlob: true, webauthn:extension:largeBlob: true, webauthn:virtualAuthenticators: true}
Session ID: c63010449f38f5fa75a2acbb8e1acf47
at java.base/jdk.internal.reflect.NativeConstructorAccessorImpl.newInstance0(Native Method)
at java.base/jdk.internal.reflect.NativeConstructorAccessorImpl.newInstance(NativeConstructorAccessorImpl.java:62)
at java.base/jdk.internal.reflect.DelegatingConstructorAccessorImpl.newInstance(DelegatingConstructorAccessorImpl.java:45)
at java.base/java.lang.reflect.Constructor.newInstanceWithCaller(Constructor.java:500)
at java.base/java.lang.reflect.Constructor.newInstance(Constructor.java:481)
at org.openqa.selenium.remote.codec.w3c.W3CHttpResponseCodec.createException(W3CHttpResponseCodec.java:200)
at org.openqa.selenium.remote.codec.w3c.W3CHttpResponseCodec.decode(W3CHttpResponseCodec.java:133)
at org.openqa.selenium.remote.codec.w3c.W3CHttpResponseCodec.decode(W3CHttpResponseCodec.java:53)
at org.openqa.selenium.remote.HttpCommandExecutor.execute(HttpCommandExecutor.java:184)
at org.openqa.selenium.remote.service.DriverCommandExecutor.invokeExecute(DriverCommandExecutor.java:167)
at org.openqa.selenium.remote.service.DriverCommandExecutor.execute(DriverCommandExecutor.java:142)
at org.openqa.selenium.remote.RemoteWebDriver.execute(RemoteWebDriver.java:551)
at org.openqa.selenium.remote.RemoteWebDriver.execute(RemoteWebDriver.java:606)
at org.openqa.selenium.remote.RemoteWebDriver.execute(RemoteWebDriver.java:610)
at org.openqa.selenium.remote.RemoteWebDriver.close(RemoteWebDriver.java:436)
at Framework_Designing.E2E_Framework2.LoginTest.teardown(LoginTest.java:50)
at java.base/jdk.internal.reflect.NativeMethodAccessorImpl.invoke0(Native Method)
at java.base/jdk.internal.reflect.NativeMethodAccessorImpl.invoke(NativeMethodAccessorImpl.java:62)
at java.base/jdk.internal.reflect.DelegatingMethodAccessorImpl.invoke(DelegatingMethodAccessorImpl.java:43)
at java.base/java.lang.reflect.Method.invoke(Method.java:564)
at org.testng.internal.invokers.MethodInvocationHelper.invokeMethod(MethodInvocationHelper.java:135)
at org.testng.internal.invokers.MethodInvocationHelper.invokeMethodConsideringTimeout(MethodInvocationHelper.java:65)
at org.testng.internal.invokers.ConfigInvoker.invokeConfigurationMethod(ConfigInvoker.java:381)
at org.testng.internal.invokers.ConfigInvoker.invokeConfigurations(ConfigInvoker.java:319)
at org.testng.TestRunner.invokeTestConfigurations(TestRunner.java:645)
at org.testng.TestRunner.afterRun(TestRunner.java:893)
at org.testng.TestRunner.run(TestRunner.java:606)
at org.testng.SuiteRunner.runTest(SuiteRunner.java:429)
at org.testng.SuiteRunner.runSequentially(SuiteRunner.java:423)
at org.testng.SuiteRunner.privateRun(SuiteRunner.java:383)
at org.testng.SuiteRunner.run(SuiteRunner.java:326)
at org.testng.SuiteRunnerWorker.runSuite(SuiteRunnerWorker.java:52)
at org.testng.SuiteRunnerWorker.run(SuiteRunnerWorker.java:95)
at org.testng.TestNG.runSuitesSequentially(TestNG.java:1249)
at org.testng.TestNG.runSuitesLocally(TestNG.java:1169)
at org.testng.TestNG.runSuites(TestNG.java:1092)
at org.testng.TestNG.run(TestNG.java:1060)
at org.testng.remote.AbstractRemoteTestNG.run(AbstractRemoteTestNG.java:115)
at org.testng.remote.RemoteTestNG.initAndRun(RemoteTestNG.java:251)
at org.testng.remote.RemoteTestNG.main(RemoteTestNG.java:77)
]]>
            </full-stacktrace>
          </exception> <!-- org.openqa.selenium.NoSuchSessionException -->
          <reporter-output>
          </reporter-output>
        </test-method> <!-- teardown -->
      </class> <!-- Framework_Designing.E2E_Framework2.LoginTest -->
      <class name="Framework_Designing.E2E_Framework2.BaseNavigation">
        <test-method is-config="true" signature="initialize()[pri:0, instance:Framework_Designing.E2E_Framework2.BaseNavigation@2ef14fe]" started-at="2022-09-21T11:23:02 IST" name="initialize" finished-at="2022-09-21T11:23:12 IST" duration-ms="9978" status="PASS">
          <reporter-output>
          </reporter-output>
        </test-method> <!-- initialize -->
        <test-method signature="basenavigate()[pri:0, instance:Framework_Designing.E2E_Framework2.BaseNavigation@2ef14fe]" started-at="2022-09-21T11:23:22 IST" name="basenavigate" finished-at="2022-09-21T11:23:24 IST" duration-ms="2018" status="PASS">
          <reporter-output>
          </reporter-output>
        </test-method> <!-- basenavigate -->
        <test-method is-config="true" signature="teardown()[pri:0, instance:Framework_Designing.E2E_Framework2.BaseNavigation@2ef14fe]" started-at="2022-09-21T11:23:37 IST" name="teardown" finished-at="2022-09-21T11:23:37 IST" duration-ms="439" status="PASS">
          <reporter-output>
          </reporter-output>
        </test-method> <!-- teardown -->
      </class> <!-- Framework_Designing.E2E_Framework2.BaseNavigation -->
    </test> <!-- Test -->
  </suite> <!-- Suite -->
</testng-results>
